<?xml version="1.0" encoding="UTF-8"?>
<!-- Generated by org.testng.reporters.JUnitXMLReporter -->
<testsuite ignored="0" hostname="DESKTOP-S53ON3B" failures="1" tests="1" name="Default test" time="135.741" errors="0" timestamp="2024-05-24T15:35:24 IST">
  <testcase classname="io.cucumber.testng.AbstractTestNGCucumberTests" name="runScenario" time="134.225">
    <failure type="java.util.NoSuchElementException">
      <![CDATA[java.util.NoSuchElementException
at java.base/java.util.ArrayList$Itr.next(ArrayList.java:1000)
at pageobjects.BrokenLinksChecker.allLinksGetter(BrokenLinksChecker.java:42)
at stepdefs.BrokenLinksSteps.user_launches_the_page_and_check_the_broken_links(BrokenLinksSteps.java:18)
at ✽.user launches the page and check the broken links(file:///C:/Users/Mohd%20Yusuf/codeRepository/NALCucSelBDD/NALBDDCucSel/src/test/resources/features/LinkChecker.feature:6)
]]>
    </failure>
  </testcase> <!-- runScenario -->
</testsuite> <!-- Default test -->
