<?xml version="1.0" encoding="UTF-8"?>
<!-- Generated by org.testng.reporters.JUnitXMLReporter -->
<testsuite ignored="0" hostname="DESKTOP-S53ON3B" failures="1" tests="1" name="Default test" time="134.999" errors="0" timestamp="2024-07-07T11:55:06 IST">
  <testcase classname="io.cucumber.testng.AbstractTestNGCucumberTests" name="runScenario" time="133.35">
    <failure type="java.lang.ClassCastException" message="class sun.net.www.protocol.mailto.MailToURLConnection cannot be cast to class java.net.HttpURLConnection (sun.net.www.protocol.mailto.MailToURLConnection and java.net.HttpURLConnection are in module java.base of loader &amp;apos;bootstrap&amp;apos;)">
      <![CDATA[java.lang.ClassCastException: class sun.net.www.protocol.mailto.MailToURLConnection cannot be cast to class java.net.HttpURLConnection (sun.net.www.protocol.mailto.MailToURLConnection and java.net.HttpURLConnection are in module java.base of loader 'bootstrap')
at pageobjects.BrokenLinksChecker.allLinksGetter(BrokenLinksChecker.java:44)
at stepdefs.BrokenLinksSteps.user_launches_the_page_and_check_the_broken_links(BrokenLinksSteps.java:18)
at ✽.user launches the page and check the broken links(file:///C:/Users/Mohd%20Yusuf/codeRepository/NALCucSelBDD/NALBDDCucSel/src/test/resources/features/LinkChecker.feature:6)
]]>
    </failure>
  </testcase> <!-- runScenario -->
</testsuite> <!-- Default test -->
