<?xml version="1.0" encoding="UTF-8"?>
<!-- Generated by org.testng.reporters.JUnitXMLReporter -->
<testsuite ignored="0" hostname="DESKTOP-S53ON3B" failures="1" tests="1" name="Default test" time="37.19" errors="0" timestamp="2023-09-02T12:05:04 IST">
  <testcase classname="io.cucumber.testng.AbstractTestNGCucumberTests" name="runScenario" time="35.223">
    <failure type="java.lang.NullPointerException">
      <![CDATA[java.lang.NullPointerException
at java.base/java.lang.String.contains(String.java:2036)
at pageobjects.SubmitOpderObjects.verifyCartPage(SubmitOpderObjects.java:40)
at stepdefs.SubmitOrderSteps.user_is_on_cart_item_list_page(SubmitOrderSteps.java:25)
at ✽.user is on cart item list page(file:///C:/Users/Mohd%20Yusuf/codeRepository/NALCucSelBDD/NALBDDCucSel/src/test/resources/features/VegetableCart.feature:14)
]]>
    </failure>
  </testcase> <!-- runScenario -->
</testsuite> <!-- Default test -->
