<?xml version="1.0" encoding="UTF-8"?>
<!-- Generated by org.testng.reporters.JUnitXMLReporter -->
<testsuite ignored="0" hostname="DESKTOP-S53ON3B" failures="1" tests="1" name="Default test" time="36.494" errors="0" timestamp="2023-08-26T13:59:57 IST">
  <testcase classname="io.cucumber.testng.AbstractTestNGCucumberTests" name="runScenario" time="34.687">
    <failure type="java.lang.NullPointerException" message="Cannot invoke &amp;quot;java.lang.CharSequence.toString()&amp;quot; because &amp;quot;s&amp;quot; is null">
      <![CDATA[java.lang.NullPointerException: Cannot invoke "java.lang.CharSequence.toString()" because "s" is null
at java.base/java.lang.String.contains(String.java:2852)
at pageobjects.SubmitOpderObjects.verifyCartPage(SubmitOpderObjects.java:40)
at stepdefs.SubmitOrderSteps.user_is_on_cart_item_list_page(SubmitOrderSteps.java:25)
at ✽.user is on cart item list page(file:///C:/Users/Mohd%20Yusuf/codeRepository/NALCucSelBDD/NALBDDCucSel/src/test/resources/features/VegetableCart.feature:14)
]]>
    </failure>
  </testcase> <!-- runScenario -->
</testsuite> <!-- Default test -->
