<?xml version="1.0" encoding="UTF-8"?>
<testng-results ignored="0" total="1" passed="0" failed="1" skipped="0">
  <reporter-output>
  </reporter-output>
  <suite started-at="2024-05-24T15:33:09 IST" name="Default suite" finished-at="2024-05-24T15:35:24 IST" duration-ms="135741">
    <groups>
      <group name="cucumber">
        <method signature="AbstractTestNGCucumberTests.runScenario(io.cucumber.testng.PickleWrapper,io.cucumber.testng.FeatureWrapper)[pri:0, instance:testrunner.TestRunner@13526e59]" name="runScenario" class="io.cucumber.testng.AbstractTestNGCucumberTests"/>
      </group> <!-- cucumber -->
    </groups>
    <test started-at="2024-05-24T15:33:09 IST" name="Default test" finished-at="2024-05-24T15:35:24 IST" duration-ms="135741">
      <class name="testrunner.TestRunner">
        <test-method is-config="true" signature="setUpClass(org.testng.ITestContext)[pri:0, instance:testrunner.TestRunner@13526e59]" started-at="2024-05-24T15:33:09 IST" name="setUpClass" finished-at="2024-05-24T15:33:10 IST" duration-ms="1152" status="PASS">
          <params>
            <param index="0">
              <value>
                <![CDATA[org.testng.TestRunner@20a3e10c]]>
              </value>
            </param>
          </params>
          <reporter-output>
          </reporter-output>
        </test-method> <!-- setUpClass -->
        <test-method signature="runScenario(io.cucumber.testng.PickleWrapper,io.cucumber.testng.FeatureWrapper)[pri:0, instance:testrunner.TestRunner@13526e59]" started-at="2024-05-24T15:33:10 IST" name="runScenario" description="Runs Cucumber Scenarios" data-provider="scenarios" finished-at="2024-05-24T15:35:24 IST" duration-ms="134225" status="FAIL">
          <params>
            <param index="0">
              <value>
                <![CDATA["Check all the broken links"]]>
              </value>
            </param>
            <param index="1">
              <value>
                <![CDATA["Check all broken links on the page"]]>
              </value>
            </param>
          </params>
          <exception class="java.util.NoSuchElementException">
            <full-stacktrace>
              <![CDATA[java.util.NoSuchElementException
at java.base/java.util.ArrayList$Itr.next(ArrayList.java:1000)
at pageobjects.BrokenLinksChecker.allLinksGetter(BrokenLinksChecker.java:42)
at stepdefs.BrokenLinksSteps.user_launches_the_page_and_check_the_broken_links(BrokenLinksSteps.java:18)
at ✽.user launches the page and check the broken links(file:///C:/Users/Mohd%20Yusuf/codeRepository/NALCucSelBDD/NALBDDCucSel/src/test/resources/features/LinkChecker.feature:6)
]]>
            </full-stacktrace>
          </exception> <!-- java.util.NoSuchElementException -->
          <reporter-output>
          </reporter-output>
        </test-method> <!-- runScenario -->
        <test-method is-config="true" signature="tearDownClass()[pri:0, instance:testrunner.TestRunner@13526e59]" started-at="2024-05-24T15:35:24 IST" name="tearDownClass" finished-at="2024-05-24T15:35:24 IST" duration-ms="259" status="PASS">
          <reporter-output>
          </reporter-output>
        </test-method> <!-- tearDownClass -->
      </class> <!-- testrunner.TestRunner -->
    </test> <!-- Default test -->
  </suite> <!-- Default suite -->
</testng-results>
