<?xml version="1.0" encoding="UTF-8"?>
<testng-results ignored="0" total="1" passed="0" failed="1" skipped="0">
  <reporter-output>
  </reporter-output>
  <suite started-at="2023-09-02T12:04:26 IST" name="Default suite" finished-at="2023-09-02T12:05:04 IST" duration-ms="37190">
    <groups>
      <group name="cucumber">
        <method signature="AbstractTestNGCucumberTests.runScenario(io.cucumber.testng.PickleWrapper,io.cucumber.testng.FeatureWrapper)[pri:0, instance:testrunner.TestRunner@431cd9b2]" name="runScenario" class="io.cucumber.testng.AbstractTestNGCucumberTests"/>
      </group> <!-- cucumber -->
    </groups>
    <test started-at="2023-09-02T12:04:26 IST" name="Default test" finished-at="2023-09-02T12:05:04 IST" duration-ms="37190">
      <class name="testrunner.TestRunner">
        <test-method is-config="true" signature="setUpClass(org.testng.ITestContext)[pri:0, instance:testrunner.TestRunner@431cd9b2]" started-at="2023-09-02T12:04:27 IST" name="setUpClass" finished-at="2023-09-02T12:04:28 IST" duration-ms="1361" status="PASS">
          <params>
            <param index="0">
              <value>
                <![CDATA[org.testng.TestRunner@39c87b42]]>
              </value>
            </param>
          </params>
          <reporter-output>
          </reporter-output>
        </test-method> <!-- setUpClass -->
        <test-method signature="runScenario(io.cucumber.testng.PickleWrapper,io.cucumber.testng.FeatureWrapper)[pri:0, instance:testrunner.TestRunner@431cd9b2]" started-at="2023-09-02T12:04:28 IST" name="runScenario" description="Runs Cucumber Scenarios" data-provider="scenarios" finished-at="2023-09-02T12:05:03 IST" duration-ms="35223" status="FAIL">
          <params>
            <param index="0">
              <value>
                <![CDATA["Check if the cart contains the correct vegetable"]]>
              </value>
            </param>
            <param index="1">
              <value>
                <![CDATA["Check the cart after the vegetable is added to it"]]>
              </value>
            </param>
          </params>
          <exception class="java.lang.NullPointerException">
            <full-stacktrace>
              <![CDATA[java.lang.NullPointerException
at java.base/java.lang.String.contains(String.java:2036)
at pageobjects.SubmitOpderObjects.verifyCartPage(SubmitOpderObjects.java:40)
at stepdefs.SubmitOrderSteps.user_is_on_cart_item_list_page(SubmitOrderSteps.java:25)
at ✽.user is on cart item list page(file:///C:/Users/Mohd%20Yusuf/codeRepository/NALCucSelBDD/NALBDDCucSel/src/test/resources/features/VegetableCart.feature:14)
]]>
            </full-stacktrace>
          </exception> <!-- java.lang.NullPointerException -->
          <reporter-output>
          </reporter-output>
        </test-method> <!-- runScenario -->
        <test-method is-config="true" signature="tearDownClass()[pri:0, instance:testrunner.TestRunner@431cd9b2]" started-at="2023-09-02T12:05:03 IST" name="tearDownClass" finished-at="2023-09-02T12:05:04 IST" duration-ms="488" status="PASS">
          <reporter-output>
          </reporter-output>
        </test-method> <!-- tearDownClass -->
      </class> <!-- testrunner.TestRunner -->
    </test> <!-- Default test -->
  </suite> <!-- Default suite -->
</testng-results>
