<?xml version="1.0" encoding="UTF-8"?>
<testng-results ignored="0" total="1" passed="1" failed="0" skipped="0">
  <reporter-output>
  </reporter-output>
  <suite started-at="2023-08-16T22:34:18 PDT" name="Default suite" finished-at="2023-08-16T22:34:52 PDT" duration-ms="34913">
    <groups>
      <group name="cucumber">
        <method signature="AbstractTestNGCucumberTests.runScenario(io.cucumber.testng.PickleWrapper,io.cucumber.testng.FeatureWrapper)[pri:0, instance:testrunner.TestRunner@7e057f43]" name="runScenario" class="io.cucumber.testng.AbstractTestNGCucumberTests"/>
      </group> <!-- cucumber -->
    </groups>
    <test started-at="2023-08-16T22:34:18 PDT" name="Default test" finished-at="2023-08-16T22:34:52 PDT" duration-ms="34913">
      <class name="testrunner.TestRunner">
        <test-method is-config="true" signature="setUpClass(org.testng.ITestContext)[pri:0, instance:testrunner.TestRunner@7e057f43]" started-at="2023-08-16T22:34:18 PDT" name="setUpClass" finished-at="2023-08-16T22:34:19 PDT" duration-ms="1462" status="PASS">
          <params>
            <param index="0">
              <value>
                <![CDATA[org.testng.TestRunner@54c425b1]]>
              </value>
            </param>
          </params>
          <reporter-output>
          </reporter-output>
        </test-method> <!-- setUpClass -->
        <test-method signature="runScenario(io.cucumber.testng.PickleWrapper,io.cucumber.testng.FeatureWrapper)[pri:0, instance:testrunner.TestRunner@7e057f43]" started-at="2023-08-16T22:34:19 PDT" name="runScenario" description="Runs Cucumber Scenarios" data-provider="scenarios" finished-at="2023-08-16T22:34:52 PDT" duration-ms="32940" status="PASS">
          <params>
            <param index="0">
              <value>
                <![CDATA["Search the vegetable and add to cart"]]>
              </value>
            </param>
            <param index="1">
              <value>
                <![CDATA["vegetable selection and purchase"]]>
              </value>
            </param>
          </params>
          <reporter-output>
          </reporter-output>
        </test-method> <!-- runScenario -->
        <test-method is-config="true" signature="tearDownClass()[pri:0, instance:testrunner.TestRunner@7e057f43]" started-at="2023-08-16T22:34:52 PDT" name="tearDownClass" finished-at="2023-08-16T22:34:52 PDT" duration-ms="387" status="PASS">
          <reporter-output>
          </reporter-output>
        </test-method> <!-- tearDownClass -->
      </class> <!-- testrunner.TestRunner -->
    </test> <!-- Default test -->
  </suite> <!-- Default suite -->
</testng-results>
