<?xml version="1.0" encoding="UTF-8"?>
<testng-results ignored="0" total="1" passed="1" failed="0" skipped="0">
  <reporter-output>
  </reporter-output>
  <suite started-at="2023-08-20T01:37:02 IST" name="Default suite" finished-at="2023-08-20T01:37:29 IST" duration-ms="27834">
    <groups>
      <group name="cucumber">
        <method signature="AbstractTestNGCucumberTests.runScenario(io.cucumber.testng.PickleWrapper,io.cucumber.testng.FeatureWrapper)[pri:0, instance:testrunner.TestRunner@7e057f43]" name="runScenario" class="io.cucumber.testng.AbstractTestNGCucumberTests"/>
      </group> <!-- cucumber -->
    </groups>
    <test started-at="2023-08-20T01:37:02 IST" name="Default test" finished-at="2023-08-20T01:37:29 IST" duration-ms="27834">
      <class name="testrunner.TestRunner">
        <test-method is-config="true" signature="setUpClass(org.testng.ITestContext)[pri:0, instance:testrunner.TestRunner@7e057f43]" started-at="2023-08-20T01:37:02 IST" name="setUpClass" finished-at="2023-08-20T01:37:03 IST" duration-ms="1799" status="PASS">
          <params>
            <param index="0">
              <value>
                <![CDATA[org.testng.TestRunner@370c9018]]>
              </value>
            </param>
          </params>
          <reporter-output>
          </reporter-output>
        </test-method> <!-- setUpClass -->
        <test-method signature="runScenario(io.cucumber.testng.PickleWrapper,io.cucumber.testng.FeatureWrapper)[pri:0, instance:testrunner.TestRunner@7e057f43]" started-at="2023-08-20T01:37:03 IST" name="runScenario" description="Runs Cucumber Scenarios" data-provider="scenarios" finished-at="2023-08-20T01:37:29 IST" duration-ms="25710" status="PASS">
          <params>
            <param index="0">
              <value>
                <![CDATA["Check if the cart contains the correct vegetable"]]>
              </value>
            </param>
            <param index="1">
              <value>
                <![CDATA["Check the cart after the vegetable is added to it"]]>
              </value>
            </param>
          </params>
          <reporter-output>
          </reporter-output>
        </test-method> <!-- runScenario -->
        <test-method is-config="true" signature="tearDownClass()[pri:0, instance:testrunner.TestRunner@7e057f43]" started-at="2023-08-20T01:37:29 IST" name="tearDownClass" finished-at="2023-08-20T01:37:29 IST" duration-ms="221" status="PASS">
          <reporter-output>
          </reporter-output>
        </test-method> <!-- tearDownClass -->
      </class> <!-- testrunner.TestRunner -->
    </test> <!-- Default test -->
  </suite> <!-- Default suite -->
</testng-results>
