<?xml version="1.0" encoding="UTF-8"?>
<testng-results ignored="0" total="1" passed="0" failed="1" skipped="0">
  <reporter-output>
  </reporter-output>
  <suite started-at="2024-07-07T11:52:51 IST" name="Default suite" finished-at="2024-07-07T11:55:06 IST" duration-ms="134999">
    <groups>
      <group name="cucumber">
        <method signature="AbstractTestNGCucumberTests.runScenario(io.cucumber.testng.PickleWrapper,io.cucumber.testng.FeatureWrapper)[pri:0, instance:testrunner.TestRunner@6f36c2f0]" name="runScenario" class="io.cucumber.testng.AbstractTestNGCucumberTests"/>
      </group> <!-- cucumber -->
    </groups>
    <test started-at="2024-07-07T11:52:51 IST" name="Default test" finished-at="2024-07-07T11:55:06 IST" duration-ms="134999">
      <class name="testrunner.TestRunner">
        <test-method is-config="true" signature="setUpClass(org.testng.ITestContext)[pri:0, instance:testrunner.TestRunner@6f36c2f0]" started-at="2024-07-07T11:52:51 IST" name="setUpClass" finished-at="2024-07-07T11:52:52 IST" duration-ms="1367" status="PASS">
          <params>
            <param index="0">
              <value>
                <![CDATA[org.testng.TestRunner@1e76afeb]]>
              </value>
            </param>
          </params>
          <reporter-output>
          </reporter-output>
        </test-method> <!-- setUpClass -->
        <test-method signature="runScenario(io.cucumber.testng.PickleWrapper,io.cucumber.testng.FeatureWrapper)[pri:0, instance:testrunner.TestRunner@6f36c2f0]" started-at="2024-07-07T11:52:52 IST" name="runScenario" description="Runs Cucumber Scenarios" data-provider="scenarios" finished-at="2024-07-07T11:55:06 IST" duration-ms="133350" status="FAIL">
          <params>
            <param index="0">
              <value>
                <![CDATA["Check all the broken links"]]>
              </value>
            </param>
            <param index="1">
              <value>
                <![CDATA["Check all broken links on the page"]]>
              </value>
            </param>
          </params>
          <exception class="java.lang.ClassCastException">
            <message>
              <![CDATA[class sun.net.www.protocol.mailto.MailToURLConnection cannot be cast to class java.net.HttpURLConnection (sun.net.www.protocol.mailto.MailToURLConnection and java.net.HttpURLConnection are in module java.base of loader 'bootstrap')]]>
            </message>
            <full-stacktrace>
              <![CDATA[java.lang.ClassCastException: class sun.net.www.protocol.mailto.MailToURLConnection cannot be cast to class java.net.HttpURLConnection (sun.net.www.protocol.mailto.MailToURLConnection and java.net.HttpURLConnection are in module java.base of loader 'bootstrap')
at pageobjects.BrokenLinksChecker.allLinksGetter(BrokenLinksChecker.java:44)
at stepdefs.BrokenLinksSteps.user_launches_the_page_and_check_the_broken_links(BrokenLinksSteps.java:18)
at ✽.user launches the page and check the broken links(file:///C:/Users/Mohd%20Yusuf/codeRepository/NALCucSelBDD/NALBDDCucSel/src/test/resources/features/LinkChecker.feature:6)
]]>
            </full-stacktrace>
          </exception> <!-- java.lang.ClassCastException -->
          <reporter-output>
          </reporter-output>
        </test-method> <!-- runScenario -->
        <test-method is-config="true" signature="tearDownClass()[pri:0, instance:testrunner.TestRunner@6f36c2f0]" started-at="2024-07-07T11:55:06 IST" name="tearDownClass" finished-at="2024-07-07T11:55:06 IST" duration-ms="190" status="PASS">
          <reporter-output>
          </reporter-output>
        </test-method> <!-- tearDownClass -->
      </class> <!-- testrunner.TestRunner -->
    </test> <!-- Default test -->
  </suite> <!-- Default suite -->
</testng-results>
